#
# There is insufficient memory for the Java Runtime Environment to continue.
# Native memory allocation (mmap) failed to map 4161536 bytes for G1 virtual space
# Possible reasons:
#   The system is out of physical RAM or swap space
#   The process is running with CompressedOops enabled, and the Java Heap may be blocking the growth of the native heap
# Possible solutions:
#   Reduce memory load on the system
#   Increase physical memory or swap space
#   Check if swap backing store is full
#   Decrease Java heap size (-Xmx/-Xms)
#   Decrease number of Java threads
#   Decrease Java thread stack sizes (-Xss)
#   Set larger code cache with -XX:ReservedCodeCacheSize=
#   JVM is running with Zero Based Compressed Oops mode in which the Java heap is
#     placed in the first 32GB address space. The Java Heap base address is the
#     maximum limit for the native heap growth. Please use -XX:HeapBaseMinAddress
#     to set the Java Heap base and to place the Java Heap above 32GB virtual address.
# This output file may be truncated or incomplete.
#
#  Out of Memory Error (./open/src/hotspot/os/windows/os_windows.cpp:3472), pid=30236, tid=18308
#
# JRE version:  (15.0+36) (build )
# Java VM: Java HotSpot(TM) 64-Bit Server VM (15+36-1562, mixed mode, sharing, tiered, compressed oops, g1 gc, windows-amd64)
# No core dump will be written. Minidumps are not enabled by default on client versions of Windows
#

---------------  S U M M A R Y ------------

Command Line: -agentlib:jdwp=transport=dt_socket,suspend=y,address=localhost:63820 -Dcom.sun.management.jmxremote -Dcom.sun.management.jmxremote.port=63818 -Dcom.sun.management.jmxremote.authenticate=false -Dcom.sun.management.jmxremote.ssl=false -Djava.rmi.server.hostname=localhost -Dspring.jmx.enabled=true -Dspring.liveBeansView.mbeanDomain -Dspring.application.admin.enabled=true -Xverify:none -XX:TieredStopAtLevel=1 -Dfile.encoding=UTF-8 com.example.demo.SamlServiceProviderApplication

Host: Intel(R) Core(TM) i5-8265U CPU @ 1.60GHz, 8 cores, 15G,  Windows 10 , 64 bit Build 18362 (10.0.18362.1350)
Time: Fri May 14 12:53:17 2021 ora legale Europa occidentale elapsed time: 0.028859 seconds (0d 0h 0m 0s)

---------------  T H R E A D  ---------------

Current thread (0x000001982a920ee0):  JavaThread "Unknown thread" [_thread_in_vm, id=18308, stack(0x000000265d500000,0x000000265d600000)]

Stack: [0x000000265d500000,0x000000265d600000]
Native frames: (J=compiled Java code, j=interpreted, Vv=VM code, C=native code)
V  [jvm.dll+0x629eaa]
V  [jvm.dll+0x780379]
V  [jvm.dll+0x781ad3]
V  [jvm.dll+0x782133]
V  [jvm.dll+0x2159d5]
V  [jvm.dll+0x627299]
V  [jvm.dll+0x61bdd5]
V  [jvm.dll+0x2cf96d]
V  [jvm.dll+0x2cf7d2]
V  [jvm.dll+0x2d57ac]
V  [jvm.dll+0x32524d]
V  [jvm.dll+0x324904]
V  [jvm.dll+0x2a68ea]
V  [jvm.dll+0x2a7a88]
V  [jvm.dll+0x75d0f1]
V  [jvm.dll+0x333af4]
V  [jvm.dll+0x73d816]
V  [jvm.dll+0x3b68e7]
V  [jvm.dll+0x3b8371]
C  [jli.dll+0x52fb]
C  [ucrtbase.dll+0x210b2]
C  [KERNEL32.DLL+0x17c24]
C  [ntdll.dll+0x6d721]


---------------  P R O C E S S  ---------------

Threads class SMR info:
_java_thread_list=0x00007fff81ed2fa0, length=0, elements={
}

Java Threads: ( => current thread )

Other Threads:
  0x000001982a96fc10 GCTaskThread "GC Thread#0" [stack: 0x000000265d600000,0x000000265d700000] [id=14100]
  0x000001982a9812a0 ConcurrentGCThread "G1 Main Marker" [stack: 0x000000265d700000,0x000000265d800000] [id=16132]
  0x000001982a981e20 ConcurrentGCThread "G1 Conc#0" [stack: 0x000000265d800000,0x000000265d900000] [id=36576]

[error occurred during error reporting (printing all threads), id 0xc0000005, EXCEPTION_ACCESS_VIOLATION (0xc0000005) at pc=0x00007fff816c77b7]

VM state: not at safepoint (not fully initialized)

VM Mutex/Monitor currently owned by a thread:  ([mutex/lock_event])
[0x000001982a91d970] Heap_lock - owner thread: 0x000001982a920ee0

Heap address: 0x0000000702e00000, size: 4050 MB, Compressed Oops mode: Zero based, Oop shift amount: 3
CDS archive(s) mapped at: [0x0000000000000000-0x0000000000000000-0x0000000000000000), size 0, SharedBaseAddress: 0x0000000800000000, ArchiveRelocationMode: 0.
Narrow klass base: 0x0000000000000000, Narrow klass shift: 0, Narrow klass range: 0x0

Heap:
 garbage-first heap   total 260096K, used 0K [0x0000000702e00000, 0x0000000800000000)
  region size 2048K, 0 young (0K), 0 survivors (0K)
 Metaspace       used 0K, capacity 0K, committed 0K, reserved 0K
  class space    used 0K, capacity 0K, committed 0K, reserved 0K

Heap Regions: E=young(eden), S=young(survivor), O=old, HS=humongous(starts), HC=humongous(continues), CS=collection set, F=free, OA=open archive, CA=closed archive, TAMS=top-at-mark-start (previous, next)

Card table byte_map: [0x0000019842650000,0x0000019842e40000] _byte_map_base: 0x000001983ee39000

Marking Bits (Prev, Next): (CMBitMap*) 0x000001982a970390, (CMBitMap*) 0x000001982a9703d0
 Prev Bits: [0x0000019843630000, 0x0000019847578000)
 Next Bits: [0x0000019847580000, 0x000001984b4c8000)

GC Heap History (0 events):
No events

Deoptimization events (0 events):
No events

Classes unloaded (0 events):
No events

Classes redefined (0 events):
No events

Internal exceptions (0 events):
No events

Events (1 events):
Event: 0.016 Loaded shared library C:\Program Files\Java\jdk-15\bin\java.dll


Dynamic libraries:
0x00007ff661330000 - 0x00007ff66133f000 	C:\Program Files\Java\jdk-15\bin\javaw.exe
0x00007fffd1de0000 - 0x00007fffd1fd0000 	C:\WINDOWS\SYSTEM32\ntdll.dll
0x00007fffd0530000 - 0x00007fffd05e2000 	C:\WINDOWS\System32\KERNEL32.DLL
0x00007fffcfb30000 - 0x00007fffcfdd5000 	C:\WINDOWS\System32\KERNELBASE.dll
0x00007fffc7b10000 - 0x00007fffc7b9f000 	C:\WINDOWS\SYSTEM32\apphelp.dll
0x00007fffcf020000 - 0x00007fffcf11a000 	C:\WINDOWS\System32\ucrtbase.dll
0x00007fffb8760000 - 0x00007fffb8778000 	C:\Program Files\Java\jdk-15\bin\jli.dll
0x00007fffb6de0000 - 0x00007fffb6df9000 	C:\Program Files\Java\jdk-15\bin\VCRUNTIME140.dll
0x00007fffd0b60000 - 0x00007fffd0c03000 	C:\WINDOWS\System32\ADVAPI32.dll
0x00007fffd15c0000 - 0x00007fffd165e000 	C:\WINDOWS\System32\msvcrt.dll
0x00007fffd0d70000 - 0x00007fffd0e07000 	C:\WINDOWS\System32\sechost.dll
0x00007fffd0350000 - 0x00007fffd046f000 	C:\WINDOWS\System32\RPCRT4.dll
0x00007fffd0e10000 - 0x00007fffd0fa4000 	C:\WINDOWS\System32\USER32.dll
0x00007fffced60000 - 0x00007fffced81000 	C:\WINDOWS\System32\win32u.dll
0x00007fffd1d50000 - 0x00007fffd1d76000 	C:\WINDOWS\System32\GDI32.dll
0x00007fffb7ff0000 - 0x00007fffb8274000 	C:\WINDOWS\WinSxS\amd64_microsoft.windows.common-controls_6595b64144ccf1df_6.0.18362.1379_none_9e7ff3b3e45cc0c4\COMCTL32.dll
0x00007fffcee80000 - 0x00007fffcf018000 	C:\WINDOWS\System32\gdi32full.dll
0x00007fffd1090000 - 0x00007fffd13c7000 	C:\WINDOWS\System32\combase.dll
0x00007fffcede0000 - 0x00007fffcee7e000 	C:\WINDOWS\System32\msvcp_win.dll
0x00007fffcfaa0000 - 0x00007fffcfb21000 	C:\WINDOWS\System32\bcryptPrimitives.dll
0x00007fffbb530000 - 0x00007fffbb53a000 	C:\WINDOWS\SYSTEM32\VERSION.dll
0x00007fffd0250000 - 0x00007fffd027e000 	C:\WINDOWS\System32\IMM32.DLL
0x00007fffc6310000 - 0x00007fffc631c000 	C:\Program Files\Java\jdk-15\bin\vcruntime140_1.dll
0x00007fff9c4b0000 - 0x00007fff9c541000 	C:\Program Files\Java\jdk-15\bin\msvcp140.dll
0x00007fff81410000 - 0x00007fff81f6c000 	C:\Program Files\Java\jdk-15\bin\server\jvm.dll
0x00007fffd0520000 - 0x00007fffd0528000 	C:\WINDOWS\System32\PSAPI.DLL
0x00007fffb0120000 - 0x00007fffb0129000 	C:\WINDOWS\SYSTEM32\WSOCK32.dll
0x00007fffc5c80000 - 0x00007fffc5ca4000 	C:\WINDOWS\SYSTEM32\WINMM.dll
0x00007fffd1020000 - 0x00007fffd108f000 	C:\WINDOWS\System32\WS2_32.dll
0x00007fffc5bf0000 - 0x00007fffc5c1d000 	C:\WINDOWS\SYSTEM32\WINMMBASE.dll
0x00007fffced90000 - 0x00007fffcedda000 	C:\WINDOWS\System32\cfgmgr32.dll
0x00007fffceca0000 - 0x00007fffcecb1000 	C:\WINDOWS\System32\kernel.appcore.dll
0x00007fffc6370000 - 0x00007fffc637a000 	C:\Program Files\Java\jdk-15\bin\jimage.dll
0x00007fffc8be0000 - 0x00007fffc8dd4000 	C:\WINDOWS\SYSTEM32\DBGHELP.DLL
0x00007fffb9ce0000 - 0x00007fffb9d0a000 	C:\WINDOWS\SYSTEM32\dbgcore.DLL
0x00007fffb2f80000 - 0x00007fffb2fb9000 	C:\Program Files\Java\jdk-15\bin\jdwp.dll
0x00007fffc2410000 - 0x00007fffc2435000 	C:\Program Files\Java\jdk-15\bin\java.dll

dbghelp: loaded successfully - version: 4.0.5 - missing functions: none
symbol engine: initialized successfully - sym options: 0x614 - pdb path: .;C:\Program Files\Java\jdk-15\bin;C:\WINDOWS\SYSTEM32;C:\WINDOWS\WinSxS\amd64_microsoft.windows.common-controls_6595b64144ccf1df_6.0.18362.1379_none_9e7ff3b3e45cc0c4;C:\Program Files\Java\jdk-15\bin\server

VM Arguments:
jvm_args: -agentlib:jdwp=transport=dt_socket,suspend=y,address=localhost:63820 -Dcom.sun.management.jmxremote -Dcom.sun.management.jmxremote.port=63818 -Dcom.sun.management.jmxremote.authenticate=false -Dcom.sun.management.jmxremote.ssl=false -Djava.rmi.server.hostname=localhost -Dspring.jmx.enabled=true -Dspring.liveBeansView.mbeanDomain -Dspring.application.admin.enabled=true -Xverify:none -XX:TieredStopAtLevel=1 -Dfile.encoding=UTF-8 
java_command: com.example.demo.SamlServiceProviderApplication
java_class_path (initial): C:\Users\Formazione\poste-workspace\saml-service-provider\target\classes;C:\Users\UtenteBusiness\.m2\repository\org\springframework\boot\spring-boot-starter-web\2.4.1\spring-boot-starter-web-2.4.1.jar;C:\Users\UtenteBusiness\.m2\repository\org\springframework\boot\spring-boot-starter\2.4.1\spring-boot-starter-2.4.1.jar;C:\Users\UtenteBusiness\.m2\repository\org\springframework\boot\spring-boot\2.4.1\spring-boot-2.4.1.jar;C:\Users\UtenteBusiness\.m2\repository\org\springframework\boot\spring-boot-autoconfigure\2.4.1\spring-boot-autoconfigure-2.4.1.jar;C:\Users\UtenteBusiness\.m2\repository\org\springframework\boot\spring-boot-starter-logging\2.4.1\spring-boot-starter-logging-2.4.1.jar;C:\Users\UtenteBusiness\.m2\repository\ch\qos\logback\logback-classic\1.2.3\logback-classic-1.2.3.jar;C:\Users\UtenteBusiness\.m2\repository\ch\qos\logback\logback-core\1.2.3\logback-core-1.2.3.jar;C:\Users\UtenteBusiness\.m2\repository\org\apache\logging\log4j\log4j-to-slf4j\2.13.3\log4j-to-slf4j-2.13.3.jar;C:\Users\UtenteBusiness\.m2\repository\org\apache\logging\log4j\log4j-api\2.13.3\log4j-api-2.13.3.jar;C:\Users\UtenteBusiness\.m2\repository\org\slf4j\jul-to-slf4j\1.7.30\jul-to-slf4j-1.7.30.jar;C:\Users\UtenteBusiness\.m2\repository\jakarta\annotation\jakarta.annotation-api\1.3.5\jakarta.annotation-api-1.3.5.jar;C:\Users\UtenteBusiness\.m2\repository\org\yaml\snakeyaml\1.27\snakeyaml-1.27.jar;C:\Users\UtenteBusiness\.m2\repository\org\springframework\boot\spring-boot-starter-json\2.4.1\spring-boot-starter-json-2.4.1.jar;C:\Users\UtenteBusiness\.m2\repository\com\fasterxml\jackson\core\jackson-databind\2.11.3\jackson-databind-2.11.3.jar;C:\Users\UtenteBusiness\.m2\repository\com\fasterxml\jackson\core\jackson-annotations\2.11.3\jackson-annotations-2.11.3.jar;C:\Users\UtenteBusiness\.m2\repository\com\fasterxml\jackson\core\jackson-core\2.11.3\jackson-core-2.11.3.jar;C:\Users\UtenteBusiness\.m2\repository\com\fasterxml\jackson\datatype\jackson-datatype-jd
Launcher Type: SUN_STANDARD

[Global flags]
     intx CICompilerCount                          = 4                                         {product} {ergonomic}
     uint ConcGCThreads                            = 2                                         {product} {ergonomic}
     uint G1ConcRefinementThreads                  = 8                                         {product} {ergonomic}
   size_t G1HeapRegionSize                         = 2097152                                   {product} {ergonomic}
    uintx GCDrainStackTargetSize                   = 64                                        {product} {ergonomic}
   size_t InitialHeapSize                          = 266338304                                 {product} {ergonomic}
     bool ManagementServer                         = true                                      {product} {command line}
   size_t MarkStackSize                            = 4194304                                   {product} {ergonomic}
   size_t MaxHeapSize                              = 4246732800                                {product} {ergonomic}
   size_t MinHeapDeltaBytes                        = 2097152                                   {product} {ergonomic}
   size_t MinHeapSize                              = 8388608                                   {product} {ergonomic}
    uintx NonNMethodCodeHeapSize                   = 7549744                                {pd product} {ergonomic}
    uintx NonProfiledCodeHeapSize                  = 244108496                              {pd product} {ergonomic}
    uintx ProfiledCodeHeapSize                     = 0                                      {pd product} {ergonomic}
    uintx ReservedCodeCacheSize                    = 251658240                              {pd product} {ergonomic}
     bool SegmentedCodeCache                       = true                                      {product} {ergonomic}
   size_t SoftMaxHeapSize                          = 4246732800                             {manageable} {ergonomic}
     intx TieredStopAtLevel                        = 1                                         {product} {command line}
     bool UseCompressedClassPointers               = true                                 {lp64_product} {ergonomic}
     bool UseCompressedOops                        = true                                 {lp64_product} {ergonomic}
     bool UseG1GC                                  = true                                      {product} {ergonomic}
     bool UseLargePagesIndividualAllocation        = false                                  {pd product} {ergonomic}

Logging:
Log output configuration:
 #0: stdout all=warning uptime,level,tags
 #1: stderr all=off uptime,level,tags

Environment Variables:
JAVA_HOME=C:\Program Files\Java\jdk-15
PATH=C:/Program Files/Java/jdk-15/bin/server;C:/Program Files/Java/jdk-15/bin;C:\Python39\Scripts\;C:\Python39\;C:\WINDOWS\system32;C:\WINDOWS;C:\WINDOWS\System32\Wbem;C:\WINDOWS\System32\WindowsPowerShell\v1.0\;C:\WINDOWS\System32\OpenSSH\;C:\Program Files\TortoiseSVN\bin;C:\Program Files\PuTTY\;C:\Program Files\Git\cmd;C:\app\UtenteBusiness\product\11.2.0\dbhome_1\bin;C:\Program Files\nodejs\;C:\ProgramData\chocolatey\bin;C:\Program Files\Amazon\AWSCLI\;C:\kuber\bin;C:\Program Files\Kubernetes\Minikube;C:\Users\UtenteBusiness\Downloads\minishift\minishift-1.34.3-windows-amd64;C:\Users\UtenteBusiness\.minishift\cache\oc\v3.11.0\windows;C:\Program Files (x86)\Common Files\Pulse Secure\VC142.CRT\X64\;C:\Program Files (x86)\Common Files\Pulse Secure\VC142.CRT\X86\;C:\Program Files (x86)\Pulse Secure\VC142.CRT\X64\;C:\Program Files (x86)\Pulse Secure\VC142.CRT\X86\;C:\Program Files\Docker\Docker\resources\bin;C:\ProgramData\DockerDesktop\version-bin;C:\Program Files\Java\jdk-15\bin;C:\Users\Formazione\Downloads\apache-maven-3.8.1\bin;C:\Users\Formazione\Downloads\gradle-7.0.1\bin;C:\Users\UtenteBusiness\AppData\Local\Micros;C:\Users\Formazione\Desktop\eclipse;
USERNAME=UtenteBusiness
OS=Windows_NT
PROCESSOR_IDENTIFIER=Intel64 Family 6 Model 142 Stepping 11, GenuineIntel



---------------  S Y S T E M  ---------------

OS:
 Windows 10 , 64 bit Build 18362 (10.0.18362.1350)
OS uptime: 20 days 23:03 hours
HyperV virtualization detected

CPU: total 8 (initial active 8) (4 cores per cpu, 2 threads per core) family 6 model 142 stepping 11, cmov, cx8, fxsr, mmx, sse, sse2, sse3, ssse3, sse4.1, sse4.2, popcnt, vzeroupper, avx, avx2, aes, clmul, erms, 3dnowpref, lzcnt, ht, tsc, tscinvbit, bmi1, bmi2, adx, fma, clflush, clflushopt

Memory: 4k page, system-wide physical 16198M (1702M free)
TotalPageFile size 46563M (AvailPageFile size 6M)
current process WorkingSet (physical memory assigned to process): 11M, peak: 11M
current process commit charge ("private bytes"): 312M, peak: 316M

vm_info: Java HotSpot(TM) 64-Bit Server VM (15+36-1562) for windows-amd64 JRE (15+36-1562), built on Aug 11 2020 22:38:02 by "mach5one" with unknown MS VC++:1925

END.
